<?xml version="1.0" encoding="UTF-8"?>
<!-- Generated by org.testng.reporters.JUnitReportReporter -->
<testsuite name="com.test.login.common.JiTest" tests="2" time="0.289" ignored="0" failures="0" timestamp="11 三月 2019 07:10:35 GMT" skipped="0" hostname="DESKTOP-G0DD5F8" errors="0">
  <testcase name="b" time="0.196" classname="com.test.login.common.JiTest"/>
  <testcase name="f" time="0.093" classname="com.test.login.common.JiTest"/>
</testsuite> <!-- com.test.login.common.JiTest -->
