<?xml version="1.0" encoding="UTF-8"?>
<!-- Generated by org.testng.reporters.JUnitReportReporter -->
<testsuite name="com.test.login.common.TtTest" tests="2" time="0.025" ignored="0" failures="0" timestamp="12 三月 2019 08:42:51 GMT" skipped="0" hostname="DESKTOP-G0DD5F8" errors="0">
  <testcase name="f" time="0.022" classname="com.test.login.common.TtTest"/>
  <testcase name="f" time="0.003" classname="com.test.login.common.TtTest"/>
</testsuite> <!-- com.test.login.common.TtTest -->
