<?xml version="1.0" encoding="UTF-8"?>
<!-- Generated by org.testng.reporters.JUnitReportReporter -->
<testsuite name="com.test.login.controller.SimpleTest" tests="2" time="0.008" ignored="0" failures="0" timestamp="05 三月 2019 03:01:41 GMT" skipped="0" hostname="DESKTOP-G0DD5F8" errors="0">
  <testcase name="aFastTest" time="0.005" classname="com.test.login.controller.SimpleTest"/>
  <testcase name="aSlowTest" time="0.003" classname="com.test.login.controller.SimpleTest"/>
</testsuite> <!-- com.test.login.controller.SimpleTest -->
